<?xml version="1.0" encoding="UTF-8"?>
<!-- Generated by org.testng.reporters.JUnitReportReporter -->
<testsuite hostname="LIN-5CG1154CK1" failures="0" tests="5" name="TestRunner.PetTest" time="11.167" errors="0" timestamp="2024-09-10T14:57:03 IST" skipped="0">
  <testcase classname="TestRunner.PetTest" name="testDGet" time="1.192"/>
  <system-out/>
  <testcase classname="TestRunner.PetTest" name="testAPost" time="4.825"/>
  <system-out/>
  <testcase classname="TestRunner.PetTest" name="testEDelete" time="1.148"/>
  <system-out/>
  <testcase classname="TestRunner.PetTest" name="testBPost" time="2.747"/>
  <system-out/>
  <testcase classname="TestRunner.PetTest" name="testCGet" time="1.255"/>
  <system-out/>
</testsuite> <!-- TestRunner.PetTest -->
